{"/Users/Vibhore_Gupta/Code Academy/ReactNative/FormForm/Components/CreateForm/CreateForm.component.js": {"path":"/Users/Vibhore_Gupta/Code Academy/ReactNative/FormForm/Components/CreateForm/CreateForm.component.js","statementMap":{"0":{"start":{"line":18,"column":4},"end":{"line":21,"column":7}},"1":{"start":{"line":25,"column":21},"end":{"line":25,"column":31}},"2":{"start":{"line":26,"column":4},"end":{"line":26,"column":25}},"3":{"start":{"line":27,"column":4},"end":{"line":27,"column":25}},"4":{"start":{"line":28,"column":4},"end":{"line":28,"column":30}},"5":{"start":{"line":32,"column":24},"end":{"line":32,"column":26}},"6":{"start":{"line":33,"column":4},"end":{"line":35,"column":7}},"7":{"start":{"line":34,"column":6},"end":{"line":34,"column":29}},"8":{"start":{"line":36,"column":4},"end":{"line":36,"column":47}},"9":{"start":{"line":37,"column":4},"end":{"line":37,"column":87}},"10":{"start":{"line":44,"column":19},"end":{"line":44,"column":21}},"11":{"start":{"line":47,"column":4},"end":{"line":59,"column":5}},"12":{"start":{"line":47,"column":17},"end":{"line":47,"column":18}},"13":{"start":{"line":48,"column":6},"end":{"line":58,"column":8}},"14":{"start":{"line":54,"column":14},"end":{"line":54,"column":45}},"15":{"start":{"line":62,"column":4},"end":{"line":104,"column":6}},"16":{"start":{"line":75,"column":38},"end":{"line":75,"column":71}}},"fnMap":{"0":{"name":"(anonymous_0)","decl":{"start":{"line":17,"column":21},"end":{"line":17,"column":22}},"loc":{"start":{"line":17,"column":27},"end":{"line":22,"column":3}},"line":17},"1":{"name":"(anonymous_1)","decl":{"start":{"line":24,"column":21},"end":{"line":24,"column":22}},"loc":{"start":{"line":24,"column":38},"end":{"line":29,"column":3}},"line":24},"2":{"name":"(anonymous_2)","decl":{"start":{"line":31,"column":13},"end":{"line":31,"column":14}},"loc":{"start":{"line":31,"column":19},"end":{"line":38,"column":3}},"line":31},"3":{"name":"(anonymous_3)","decl":{"start":{"line":33,"column":30},"end":{"line":33,"column":31}},"loc":{"start":{"line":33,"column":46},"end":{"line":35,"column":5}},"line":33},"4":{"name":"(anonymous_4)","decl":{"start":{"line":41,"column":2},"end":{"line":41,"column":3}},"loc":{"start":{"line":41,"column":11},"end":{"line":105,"column":3}},"line":41},"5":{"name":"(anonymous_5)","decl":{"start":{"line":53,"column":26},"end":{"line":53,"column":27}},"loc":{"start":{"line":53,"column":36},"end":{"line":55,"column":13}},"line":53},"6":{"name":"(anonymous_6)","decl":{"start":{"line":75,"column":30},"end":{"line":75,"column":31}},"loc":{"start":{"line":75,"column":38},"end":{"line":75,"column":71}},"line":75}},"branchMap":{},"s":{"0":2,"1":3,"2":3,"3":3,"4":3,"5":1,"6":1,"7":0,"8":1,"9":1,"10":11,"11":11,"12":11,"13":2,"14":0,"15":11,"16":0},"f":{"0":2,"1":3,"2":1,"3":0,"4":11,"5":0,"6":0},"b":{},"_coverageSchema":"43e27e138ebf9cfc5966b082cf9a028302ed4184","hash":"06a1c04317a45ac38740dcaf13f5f660f4f7d784"}
,"/Users/Vibhore_Gupta/Code Academy/ReactNative/FormForm/Components/CreateForm/CreateForm.style.js": {"path":"/Users/Vibhore_Gupta/Code Academy/ReactNative/FormForm/Components/CreateForm/CreateForm.style.js","statementMap":{},"fnMap":{},"branchMap":{},"s":{},"f":{},"b":{},"_coverageSchema":"43e27e138ebf9cfc5966b082cf9a028302ed4184","hash":"3853b93b19faabb5dad00c4a89c5658e8f43cd49"}
,"/Users/Vibhore_Gupta/Code Academy/ReactNative/FormForm/Components/FormBlock/FormBlock.component.js": {"path":"/Users/Vibhore_Gupta/Code Academy/ReactNative/FormForm/Components/FormBlock/FormBlock.component.js","statementMap":{"0":{"start":{"line":20,"column":4},"end":{"line":31,"column":6}}},"fnMap":{"0":{"name":"(anonymous_0)","decl":{"start":{"line":18,"column":2},"end":{"line":18,"column":3}},"loc":{"start":{"line":18,"column":11},"end":{"line":32,"column":3}},"line":18}},"branchMap":{},"s":{"0":1},"f":{"0":1},"b":{},"_coverageSchema":"43e27e138ebf9cfc5966b082cf9a028302ed4184","hash":"7d534a14320fa8884da79d34891c4e619db06dd9"}
,"/Users/Vibhore_Gupta/Code Academy/ReactNative/FormForm/Components/FormBlock/FormBlock.style.js": {"path":"/Users/Vibhore_Gupta/Code Academy/ReactNative/FormForm/Components/FormBlock/FormBlock.style.js","statementMap":{},"fnMap":{},"branchMap":{},"s":{},"f":{},"b":{},"_coverageSchema":"43e27e138ebf9cfc5966b082cf9a028302ed4184","hash":"59491503c2895388c9ed5eaaeb20974cf3313192"}
,"/Users/Vibhore_Gupta/Code Academy/ReactNative/FormForm/Components/HomeScreen/HomeScreen.component.js": {"path":"/Users/Vibhore_Gupta/Code Academy/ReactNative/FormForm/Components/HomeScreen/HomeScreen.component.js","statementMap":{"0":{"start":{"line":17,"column":24},"end":{"line":17,"column":73}},"1":{"start":{"line":18,"column":18},"end":{"line":18,"column":39}},"2":{"start":{"line":19,"column":4},"end":{"line":21,"column":7}},"3":{"start":{"line":27,"column":4},"end":{"line":52,"column":6}},"4":{"start":{"line":32,"column":46},"end":{"line":32,"column":129}},"5":{"start":{"line":39,"column":29},"end":{"line":39,"column":73}}},"fnMap":{"0":{"name":"(anonymous_0)","decl":{"start":{"line":16,"column":2},"end":{"line":16,"column":3}},"loc":{"start":{"line":16,"column":28},"end":{"line":22,"column":3}},"line":16},"1":{"name":"(anonymous_1)","decl":{"start":{"line":24,"column":2},"end":{"line":24,"column":3}},"loc":{"start":{"line":24,"column":11},"end":{"line":53,"column":3}},"line":24},"2":{"name":"(anonymous_2)","decl":{"start":{"line":32,"column":36},"end":{"line":32,"column":37}},"loc":{"start":{"line":32,"column":46},"end":{"line":32,"column":129}},"line":32},"3":{"name":"(anonymous_3)","decl":{"start":{"line":39,"column":23},"end":{"line":39,"column":24}},"loc":{"start":{"line":39,"column":29},"end":{"line":39,"column":73}},"line":39}},"branchMap":{},"s":{"0":3,"1":3,"2":3,"3":4,"4":0,"5":0},"f":{"0":3,"1":4,"2":0,"3":0},"b":{},"_coverageSchema":"43e27e138ebf9cfc5966b082cf9a028302ed4184","hash":"47fce290059d2ce7bb75f40e0fc64f7897b4d165"}
,"/Users/Vibhore_Gupta/Code Academy/ReactNative/FormForm/Components/HomeScreen/HomeScreen.style.js": {"path":"/Users/Vibhore_Gupta/Code Academy/ReactNative/FormForm/Components/HomeScreen/HomeScreen.style.js","statementMap":{},"fnMap":{},"branchMap":{},"s":{},"f":{},"b":{},"_coverageSchema":"43e27e138ebf9cfc5966b082cf9a028302ed4184","hash":"7e332fcad5f1e18b914c29dde60850409c7ea892"}
,"/Users/Vibhore_Gupta/Code Academy/ReactNative/FormForm/Components/LandingPageHeader/LandingPageHeader.component.js": {"path":"/Users/Vibhore_Gupta/Code Academy/ReactNative/FormForm/Components/LandingPageHeader/LandingPageHeader.component.js","statementMap":{"0":{"start":{"line":11,"column":4},"end":{"line":16,"column":6}}},"fnMap":{"0":{"name":"(anonymous_0)","decl":{"start":{"line":10,"column":2},"end":{"line":10,"column":3}},"loc":{"start":{"line":10,"column":11},"end":{"line":17,"column":3}},"line":10}},"branchMap":{},"s":{"0":3},"f":{"0":3},"b":{},"_coverageSchema":"43e27e138ebf9cfc5966b082cf9a028302ed4184","hash":"dc27357d018a45f7a234f48ecef4dc390b315c29"}
,"/Users/Vibhore_Gupta/Code Academy/ReactNative/FormForm/Components/LandingPageHeader/LandingPageHeader.style.js": {"path":"/Users/Vibhore_Gupta/Code Academy/ReactNative/FormForm/Components/LandingPageHeader/LandingPageHeader.style.js","statementMap":{},"fnMap":{},"branchMap":{},"s":{},"f":{},"b":{},"_coverageSchema":"43e27e138ebf9cfc5966b082cf9a028302ed4184","hash":"2ff1066ca320e9e76e2f6f20914d6761f56f1226"}
,"/Users/Vibhore_Gupta/Code Academy/ReactNative/FormForm/assets/add.png": {"path":"/Users/Vibhore_Gupta/Code Academy/ReactNative/FormForm/assets/add.png","statementMap":{"0":{"start":{"line":1,"column":0},"end":{"line":4,"column":6}}},"fnMap":{},"branchMap":{},"s":{"0":1},"f":{},"b":{},"_coverageSchema":"43e27e138ebf9cfc5966b082cf9a028302ed4184","hash":"8b52ad9ce2b4edaa51dfcb29f27e15177377e292"}
}
