TN:
SF:/Users/Vibhore_Gupta/Code Academy/ReactNative/FormForm/Components/CreateForm/CreateForm.component.js
FN:17,(anonymous_0)
FN:24,(anonymous_1)
FN:31,(anonymous_2)
FN:33,(anonymous_3)
FN:41,(anonymous_4)
FN:53,(anonymous_5)
FN:75,(anonymous_6)
FNF:7
FNH:4
FNDA:2,(anonymous_0)
FNDA:3,(anonymous_1)
FNDA:1,(anonymous_2)
FNDA:0,(anonymous_3)
FNDA:11,(anonymous_4)
FNDA:0,(anonymous_5)
FNDA:0,(anonymous_6)
DA:18,2
DA:25,3
DA:26,3
DA:27,3
DA:28,3
DA:32,1
DA:33,1
DA:34,0
DA:36,1
DA:37,1
DA:44,11
DA:47,11
DA:48,2
DA:54,0
DA:62,11
DA:75,0
LF:16
LH:13
BRF:0
BRH:0
end_of_record
TN:
SF:/Users/Vibhore_Gupta/Code Academy/ReactNative/FormForm/Components/CreateForm/CreateForm.style.js
FNF:0
FNH:0
LF:0
LH:0
BRF:0
BRH:0
end_of_record
TN:
SF:/Users/Vibhore_Gupta/Code Academy/ReactNative/FormForm/Components/FormBlock/FormBlock.component.js
FN:18,(anonymous_0)
FNF:1
FNH:1
FNDA:1,(anonymous_0)
DA:20,1
LF:1
LH:1
BRF:0
BRH:0
end_of_record
TN:
SF:/Users/Vibhore_Gupta/Code Academy/ReactNative/FormForm/Components/FormBlock/FormBlock.style.js
FNF:0
FNH:0
LF:0
LH:0
BRF:0
BRH:0
end_of_record
TN:
SF:/Users/Vibhore_Gupta/Code Academy/ReactNative/FormForm/Components/HomeScreen/HomeScreen.component.js
FN:16,(anonymous_0)
FN:24,(anonymous_1)
FN:32,(anonymous_2)
FN:39,(anonymous_3)
FNF:4
FNH:2
FNDA:3,(anonymous_0)
FNDA:4,(anonymous_1)
FNDA:0,(anonymous_2)
FNDA:0,(anonymous_3)
DA:17,3
DA:18,3
DA:19,3
DA:27,4
DA:32,0
DA:39,0
LF:6
LH:4
BRF:0
BRH:0
end_of_record
TN:
SF:/Users/Vibhore_Gupta/Code Academy/ReactNative/FormForm/Components/HomeScreen/HomeScreen.style.js
FNF:0
FNH:0
LF:0
LH:0
BRF:0
BRH:0
end_of_record
TN:
SF:/Users/Vibhore_Gupta/Code Academy/ReactNative/FormForm/Components/LandingPageHeader/LandingPageHeader.component.js
FN:10,(anonymous_0)
FNF:1
FNH:1
FNDA:3,(anonymous_0)
DA:11,3
LF:1
LH:1
BRF:0
BRH:0
end_of_record
TN:
SF:/Users/Vibhore_Gupta/Code Academy/ReactNative/FormForm/Components/LandingPageHeader/LandingPageHeader.style.js
FNF:0
FNH:0
LF:0
LH:0
BRF:0
BRH:0
end_of_record
TN:
SF:/Users/Vibhore_Gupta/Code Academy/ReactNative/FormForm/assets/add.png
FNF:0
FNH:0
DA:1,1
LF:1
LH:1
BRF:0
BRH:0
end_of_record
